21-03-2024 14:37:01 ERROR Servidor:17: Error:: Error al leer
21-03-2024 14:37:01 INFO  Servidor:34: NO se pudo extraer metadata
21-03-2024 14:37:01 ERROR Servidor:31: Error:: El valor de la clave es invalido, tiene que ser entero
21-03-2024 14:37:01 INFO  Servidor:46: Servidor iniciado en el puerto 0
21-03-2024 14:37:50 ERROR Servidor:17: Error:: Error al leer
21-03-2024 14:37:50 INFO  Servidor:34: NO se pudo extraer metadata
21-03-2024 14:37:50 ERROR Servidor:31: Error:: El valor de la clave es invalido, tiene que ser entero
21-03-2024 14:37:50 INFO  Servidor:46: Servidor iniciado en el puerto 0
21-03-2024 14:41:09 ERROR INI:17: Error:: Error al leer
21-03-2024 14:41:09 INFO  Main:34: NO se pudo extraer metadata
21-03-2024 14:41:09 ERROR INI:31: Error:: El valor de la clave es invalido, tiene que ser entero
21-03-2024 14:41:09 INFO  Main:46: Servidor iniciado en el puerto 0
21-03-2024 14:45:23 ERROR INI:17: Error:: Error al leer
21-03-2024 14:45:23 INFO  Main:34: NO se pudo extraer metadata
21-03-2024 14:45:24 ERROR INI:31: Error:: El valor de la clave es invalido, tiene que ser entero
21-03-2024 14:45:24 INFO  Main:46: Servidor iniciado en el puerto 0
21-03-2024 14:48:17 ERROR INI:17: Error:: Error al leer
21-03-2024 14:48:17 INFO  Main:35: NO se pudo extraer metadata
21-03-2024 14:48:17 ERROR INI:31: Error:: El valor de la clave es invalido, tiene que ser entero
21-03-2024 14:48:18 INFO  Main:47: Servidor iniciado en el puerto 0
21-03-2024 15:10:36 ERROR INI:17: Error:: Error al leer
21-03-2024 15:10:36 INFO  Main:34: NO se pudo extraer metadata
21-03-2024 15:10:37 ERROR INI:32: Error:: El valor de la clave es invalido, tiene que ser entero
21-03-2024 15:10:37 INFO  Main:46: Servidor iniciado en el puerto 0
21-03-2024 15:25:00 ERROR INI:17: Error:: Error al leer
21-03-2024 15:25:00 INFO  Main:34: NO se pudo extraer metadata
21-03-2024 15:25:00 ERROR INI:32: Error:: El valor de la clave es invalido, tiene que ser entero
21-03-2024 15:25:00 INFO  Main:46: Servidor iniciado en el puerto 0
21-03-2024 15:26:48 ERROR INI:17: Error:: Error al leer
21-03-2024 15:26:48 INFO  Main:34: NO se pudo extraer metadata
21-03-2024 15:26:48 ERROR INI:32: Error:: El valor de la clave es invalido, tiene que ser entero
21-03-2024 15:26:48 INFO  Main:46: Servidor iniciado en el puerto 0
21-03-2024 15:30:39 INFO  Main:34: NO se pudo extraer metadata
21-03-2024 15:30:39 INFO  Main:46: Servidor iniciado en el puerto 7500
21-03-2024 15:33:08 INFO  Main:34: NO se pudo extraer metadata
21-03-2024 15:33:08 ERROR Main:92: Error de entrada/salida: Address already in use: bind
21-03-2024 15:41:22 ERROR Main:92: Error de entrada/salida: Address already in use: bind
21-03-2024 15:46:03 INFO  Main:34: NO se pudo extraer metadata
21-03-2024 15:46:04 ERROR Main:92: Error de entrada/salida: Address already in use: bind
21-03-2024 15:48:46 ERROR Main:92: Error de entrada/salida: Address already in use: bind
21-03-2024 15:51:05 ERROR Main:92: Error de entrada/salida: Address already in use: bind
21-03-2024 15:52:24 ERROR Main:92: Error de entrada/salida: Address already in use: bind
21-03-2024 15:55:38 ERROR Main:93: Error de entrada/salida: Address already in use: bind
21-03-2024 15:57:59 ERROR Main:92: Error de entrada/salida: Address already in use: bind
21-03-2024 16:00:22 ERROR Main:94: Error de entrada/salida: Address already in use: bind
21-03-2024 16:02:05 ERROR Main:96: Error de entrada/salida: Address already in use: bind
21-03-2024 16:03:38 ERROR Main:96: Error de entrada/salida: Address already in use: bind
21-03-2024 16:04:38 ERROR Main:96: Error de entrada/salida: Address already in use: bind
21-03-2024 16:06:22 ERROR Main:96: Error de entrada/salida: Address already in use: bind
21-03-2024 16:08:38 ERROR Main:96: Error de entrada/salida: Address already in use: bind
21-03-2024 16:09:23 ERROR Main:96: Error de entrada/salida: Address already in use: bind
21-03-2024 16:11:17 ERROR Main:96: Error de entrada/salida: Address already in use: bind
