04-04-2024 00:03:37 ERROR ApplicationSettings:33: Error:: Error al leer
java.io.FileNotFoundException: setting.ini (The system cannot find the file specified)
	at java.base/java.io.FileInputStream.open0(Native Method)
	at java.base/java.io.FileInputStream.open(Unknown Source)
	at java.base/java.io.FileInputStream.<init>(Unknown Source)
	at java.base/java.io.FileInputStream.<init>(Unknown Source)
	at org.example.pruebafx@1.0-SNAPSHOT/org.example.pruebafx.ApplicationSettings.<init>(ApplicationSettings.java:30)
	at org.example.pruebafx@1.0-SNAPSHOT/org.example.pruebafx.ApplicationSettings.getApplicationSettings(ApplicationSettings.java:22)
	at org.example.pruebafx@1.0-SNAPSHOT/org.example.pruebafx.Main.start(Main.java:20)
	at javafx.graphics@21/com.sun.javafx.application.LauncherImpl.lambda$launchApplication1$9(LauncherImpl.java:839)
	at javafx.graphics@21/com.sun.javafx.application.PlatformImpl.lambda$runAndWait$12(PlatformImpl.java:483)
	at javafx.graphics@21/com.sun.javafx.application.PlatformImpl.lambda$runLater$10(PlatformImpl.java:456)
	at java.base/java.security.AccessController.doPrivileged(Unknown Source)
	at javafx.graphics@21/com.sun.javafx.application.PlatformImpl.lambda$runLater$11(PlatformImpl.java:455)
	at javafx.graphics@21/com.sun.glass.ui.InvokeLaterDispatcher$Future.run(InvokeLaterDispatcher.java:95)
	at javafx.graphics@21/com.sun.glass.ui.win.WinApplication._runLoop(Native Method)
	at javafx.graphics@21/com.sun.glass.ui.win.WinApplication.lambda$runLoop$3(WinApplication.java:185)
	at java.base/java.lang.Thread.run(Unknown Source)
04-04-2024 00:04:47 ERROR ApplicationSettings:33: Error:: Error al leer
java.io.FileNotFoundException: setting.ini (The system cannot find the file specified)
	at java.base/java.io.FileInputStream.open0(Native Method)
	at java.base/java.io.FileInputStream.open(Unknown Source)
	at java.base/java.io.FileInputStream.<init>(Unknown Source)
	at java.base/java.io.FileInputStream.<init>(Unknown Source)
	at org.example.pruebafx@1.0-SNAPSHOT/org.example.pruebafx.ApplicationSettings.<init>(ApplicationSettings.java:30)
	at org.example.pruebafx@1.0-SNAPSHOT/org.example.pruebafx.ApplicationSettings.getApplicationSettings(ApplicationSettings.java:22)
	at org.example.pruebafx@1.0-SNAPSHOT/org.example.pruebafx.Main.start(Main.java:20)
	at javafx.graphics@21/com.sun.javafx.application.LauncherImpl.lambda$launchApplication1$9(LauncherImpl.java:839)
	at javafx.graphics@21/com.sun.javafx.application.PlatformImpl.lambda$runAndWait$12(PlatformImpl.java:483)
	at javafx.graphics@21/com.sun.javafx.application.PlatformImpl.lambda$runLater$10(PlatformImpl.java:456)
	at java.base/java.security.AccessController.doPrivileged(Unknown Source)
	at javafx.graphics@21/com.sun.javafx.application.PlatformImpl.lambda$runLater$11(PlatformImpl.java:455)
	at javafx.graphics@21/com.sun.glass.ui.InvokeLaterDispatcher$Future.run(InvokeLaterDispatcher.java:95)
	at javafx.graphics@21/com.sun.glass.ui.win.WinApplication._runLoop(Native Method)
	at javafx.graphics@21/com.sun.glass.ui.win.WinApplication.lambda$runLoop$3(WinApplication.java:185)
	at java.base/java.lang.Thread.run(Unknown Source)
04-04-2024 00:05:31 ERROR Metadata:38: Error:: No se pudo leer metadata
04-04-2024 00:05:31 ERROR ControllerClass:124: NO se pudo extraer metadata
04-04-2024 00:05:37 INFO  Servidor:23: Servidor iniciado en el puerto 10500
